# JRE version: OpenJDK Runtime Environment Temurin-21.0.3+9 (21.0.3+9) (build 21.0.3+9-LTS)
# Java VM: OpenJDK 64-Bit Server VM Temurin-21.0.3+9 (21.0.3+9-LTS, mixed mode, emulated-client, tiered, compressed oops, compressed class ptrs, g1 gc, windows-amd64)
GC Precious Log:
 CardTable entry size: 512
 Card Set container configuration: InlinePtr #cards 4 size 8 Array Of Cards #cards 16 size 48 Howl #buckets 8 coarsen threshold 3686 Howl Bitmap #cards 512 size 80 coarsen threshold 460 Card regions per heap region 1 cards per card region 4096
 CPUs: 6 total, 6 available
 Memory: 16317M
 Large Page Support: Disabled
 NUMA Support: Disabled
 Compressed Oops: Enabled (Zero based)
 Heap Region Size: 2M
 Heap Min Capacity: 8M
 Heap Initial Capacity: 256M
 Heap Max Capacity: 4080M
 Pre-touch: Disabled
 Parallel Workers: 6
 Concurrent Workers: 2
 Concurrent Refinement Workers: 6
 Periodic GC: Disabled
Heap:
 garbage-first heap   total 491520K, used 430149K [0x0000000701000000, 0x0000000800000000)
  region size 2048K, 128 young (262144K), 10 survivors (20480K)
 Metaspace       used 199506K, committed 200640K, reserved 1245184K
  class space    used 20312K, committed 20864K, reserved 1048576K
GC Heap History (20 events):
Event: 1032.294 GC heap before
{Heap before GC invocations=131 (full 6):
 garbage-first heap   total 491520K, used 443839K [0x0000000701000000, 0x0000000800000000)
  region size 2048K, 135 young (276480K), 8 survivors (16384K)
 Metaspace       used 184055K, committed 185344K, reserved 1245184K
  class space    used 19297K, committed 19904K, reserved 1048576K
}
Event: 1032.304 GC heap after
{Heap after GC invocations=132 (full 6):
 garbage-first heap   total 491520K, used 192408K [0x0000000701000000, 0x0000000800000000)
  region size 2048K, 12 young (24576K), 12 survivors (24576K)
 Metaspace       used 184055K, committed 185344K, reserved 1245184K
  class space    used 19297K, committed 19904K, reserved 1048576K
}
Event: 1033.024 GC heap before
{Heap before GC invocations=133 (full 6):
 garbage-first heap   total 491520K, used 436120K [0x0000000701000000, 0x0000000800000000)
  region size 2048K, 131 young (268288K), 12 survivors (24576K)
 Metaspace       used 185820K, committed 187072K, reserved 1245184K
  class space    used 19432K, committed 20032K, reserved 1048576K
}
Event: 1033.034 GC heap after
{Heap after GC invocations=134 (full 6):
 garbage-first heap   total 491520K, used 196144K [0x0000000701000000, 0x0000000800000000)
  region size 2048K, 10 young (20480K), 10 survivors (20480K)
 Metaspace       used 185820K, committed 187072K, reserved 1245184K
  class space    used 19432K, committed 20032K, reserved 1048576K
}
Event: 1034.030 GC heap before
{Heap before GC invocations=134 (full 6):
 garbage-first heap   total 491520K, used 441904K [0x0000000701000000, 0x0000000800000000)
  region size 2048K, 130 young (266240K), 10 survivors (20480K)
 Metaspace       used 188709K, committed 190016K, reserved 1245184K
  class space    used 19588K, committed 20224K, reserved 1048576K
}
Event: 1034.041 GC heap after
{Heap after GC invocations=135 (full 6):
 garbage-first heap   total 491520K, used 203874K [0x0000000701000000, 0x0000000800000000)
  region size 2048K, 11 young (22528K), 11 survivors (22528K)
 Metaspace       used 188709K, committed 190016K, reserved 1245184K
  class space    used 19588K, committed 20224K, reserved 1048576K
}
Event: 1124.995 GC heap before
{Heap before GC invocations=135 (full 6):
 garbage-first heap   total 491520K, used 439394K [0x0000000701000000, 0x0000000800000000)
  region size 2048K, 126 young (258048K), 11 survivors (22528K)
 Metaspace       used 189566K, committed 190912K, reserved 1245184K
  class space    used 19641K, committed 20288K, reserved 1048576K
}
Event: 1125.006 GC heap after
{Heap after GC invocations=136 (full 6):
 garbage-first heap   total 491520K, used 211251K [0x0000000701000000, 0x0000000800000000)
  region size 2048K, 12 young (24576K), 12 survivors (24576K)
 Metaspace       used 189566K, committed 190912K, reserved 1245184K
  class space    used 19641K, committed 20288K, reserved 1048576K
}
Event: 1216.928 GC heap before
{Heap before GC invocations=137 (full 6):
 garbage-first heap   total 491520K, used 289075K [0x0000000701000000, 0x0000000800000000)
  region size 2048K, 51 young (104448K), 12 survivors (24576K)
 Metaspace       used 189172K, committed 190912K, reserved 1245184K
  class space    used 19540K, committed 20288K, reserved 1048576K
}
Event: 1217.053 GC heap after
{Heap after GC invocations=138 (full 7):
 garbage-first heap   total 491520K, used 154533K [0x0000000701000000, 0x0000000800000000)
  region size 2048K, 0 young (0K), 0 survivors (0K)
 Metaspace       used 189028K, committed 190912K, reserved 1245184K
  class space    used 19518K, committed 20288K, reserved 1048576K
}
Event: 1218.954 GC heap before
{Heap before GC invocations=138 (full 7):
 garbage-first heap   total 491520K, used 447397K [0x0000000701000000, 0x0000000800000000)
  region size 2048K, 144 young (294912K), 0 survivors (0K)
 Metaspace       used 190547K, committed 191808K, reserved 1245184K
  class space    used 19638K, committed 20288K, reserved 1048576K
}
Event: 1218.959 GC heap after
{Heap after GC invocations=139 (full 7):
 garbage-first heap   total 491520K, used 165493K [0x0000000701000000, 0x0000000800000000)
  region size 2048K, 6 young (12288K), 6 survivors (12288K)
 Metaspace       used 190547K, committed 191808K, reserved 1245184K
  class space    used 19638K, committed 20288K, reserved 1048576K
}
Event: 1219.890 GC heap before
{Heap before GC invocations=140 (full 7):
 garbage-first heap   total 491520K, used 448117K [0x0000000701000000, 0x0000000800000000)
  region size 2048K, 144 young (294912K), 6 survivors (12288K)
 Metaspace       used 192927K, committed 194048K, reserved 1245184K
  class space    used 19862K, committed 20416K, reserved 1048576K
}
Event: 1219.902 GC heap after
{Heap after GC invocations=141 (full 7):
 garbage-first heap   total 491520K, used 176626K [0x0000000701000000, 0x0000000800000000)
  region size 2048K, 11 young (22528K), 11 survivors (22528K)
 Metaspace       used 192927K, committed 194048K, reserved 1245184K
  class space    used 19862K, committed 20416K, reserved 1048576K
}
Event: 1220.658 GC heap before
{Heap before GC invocations=141 (full 7):
 garbage-first heap   total 491520K, used 438770K [0x0000000701000000, 0x0000000800000000)
  region size 2048K, 139 young (284672K), 11 survivors (22528K)
 Metaspace       used 194842K, committed 195968K, reserved 1245184K
  class space    used 20009K, committed 20544K, reserved 1048576K
}
Event: 1220.668 GC heap after
{Heap after GC invocations=142 (full 7):
 garbage-first heap   total 491520K, used 180884K [0x0000000701000000, 0x0000000800000000)
  region size 2048K, 9 young (18432K), 9 survivors (18432K)
 Metaspace       used 194842K, committed 195968K, reserved 1245184K
  class space    used 20009K, committed 20544K, reserved 1048576K
}
Event: 1221.457 GC heap before
{Heap before GC invocations=142 (full 7):
 garbage-first heap   total 491520K, used 443028K [0x0000000701000000, 0x0000000800000000)
  region size 2048K, 137 young (280576K), 9 survivors (18432K)
 Metaspace       used 195338K, committed 196480K, reserved 1245184K
  class space    used 20046K, committed 20608K, reserved 1048576K
}
Event: 1221.469 GC heap after
{Heap after GC invocations=143 (full 7):
 garbage-first heap   total 491520K, used 189000K [0x0000000701000000, 0x0000000800000000)
  region size 2048K, 13 young (26624K), 13 survivors (26624K)
 Metaspace       used 195338K, committed 196480K, reserved 1245184K
  class space    used 20046K, committed 20608K, reserved 1048576K
}
Event: 1222.212 GC heap before
{Heap before GC invocations=144 (full 7):
 garbage-first heap   total 491520K, used 434760K [0x0000000701000000, 0x0000000800000000)
  region size 2048K, 133 young (272384K), 13 survivors (26624K)
 Metaspace       used 197194K, committed 198336K, reserved 1245184K
  class space    used 20188K, committed 20736K, reserved 1048576K
}
Event: 1222.221 GC heap after
{Heap after GC invocations=145 (full 7):
 garbage-first heap   total 491520K, used 190533K [0x0000000701000000, 0x0000000800000000)
  region size 2048K, 10 young (20480K), 10 survivors (20480K)
 Metaspace       used 197194K, committed 198336K, reserved 1245184K
  class space    used 20188K, committed 20736K, reserved 1048576K
}

